2023-08-06 08:31:24.128487 - Initialized conversion of CBT930
2023-08-06 08:31:24.238010 - Received CBT.V505.FILE930.PDS from FILE930.XMI 
2023-08-06 08:31:24.240420 - Found $$$#DATE.txt (text/plain) in CBT.V505.FILE930.PDS, moved to PDS/$$$#DATE
2023-08-06 08:31:24.241481 - Found $$NOTE01.txt (text/plain) in CBT.V505.FILE930.PDS, moved to PDS/$$NOTE01
2023-08-06 08:31:24.242523 - Found $$NOTE02.txt (text/plain) in CBT.V505.FILE930.PDS, moved to PDS/$$NOTE02
2023-08-06 08:31:24.243670 - Found $CALFIL0.txt (text/plain) in CBT.V505.FILE930.PDS, moved to PDS/$CALFIL0
2023-08-06 08:31:24.244592 - Found $CALFIL1.jcl (text/plain) in CBT.V505.FILE930.PDS, moved to PDS/$CALFIL1
2023-08-06 08:31:24.245539 - Found $CALFIL2.jcl (text/plain) in CBT.V505.FILE930.PDS, moved to PDS/$CALFIL2
2023-08-06 08:31:24.246504 - Found $CALFIL3.jcl (text/plain) in CBT.V505.FILE930.PDS, moved to PDS/$CALFIL3
2023-08-06 08:31:24.247429 - Found $CALPRT0.txt (text/plain) in CBT.V505.FILE930.PDS, moved to PDS/$CALPRT0
2023-08-06 08:31:24.248283 - Found $CALPRT1.jcl (text/plain) in CBT.V505.FILE930.PDS, moved to PDS/$CALPRT1
2023-08-06 08:31:24.249372 - Found $CALPRT2.jcl (text/plain) in CBT.V505.FILE930.PDS, moved to PDS/$CALPRT2
2023-08-06 08:31:24.250296 - Found $RECEIVE.jcl (text/plain) in CBT.V505.FILE930.PDS, moved to PDS/$RECEIVE
2023-08-06 08:31:24.251341 - Found @FILE930.txt (text/plain) in CBT.V505.FILE930.PDS, moved to PDS/@FILE930
2023-08-06 08:31:24.252293 - Found CALINP.txt (text/plain) in CBT.V505.FILE930.PDS, moved to PDS/CALINP
2023-08-06 08:31:24.268336 - Found CALPROGS.xmi (application/xmit) in CBT.V505.FILE930.PDS
2023-08-06 08:31:24.275631   - Received RECFM=U data, stored XMIT file as CBT930/CALPROGS.xmi
2023-08-06 08:31:24.277419 - De-xmi-ed CALREF to CBT930/docs/CALREF.pdf
2023-08-06 08:31:24.278353 - Found CALSMALL.txt (text/plain) in CBT.V505.FILE930.PDS, moved to PDS/CALSMALL
2023-08-06 08:31:24.279285 - Found FILEDESC.txt (text/plain) in CBT.V505.FILE930.PDS, moved to PDS/FILEDESC
2023-08-06 08:31:24.280160 - Found KEYASCII.txt (text/plain) in CBT.V505.FILE930.PDS, moved to PDS/KEYASCII
2023-08-06 08:31:24.281057 - Found KEYEBCDC.txt (text/plain) in CBT.V505.FILE930.PDS, moved to PDS/KEYEBCDC
